2025-03-14 23:19:18,843 - DEBUG - cannot commit - no transaction is active
2025-03-14 23:19:18,843 - INFO - \u2705 Vehicle maintenance table created successfully.
2025-03-14 23:19:18,893 - DEBUG - cannot commit - no transaction is active
2025-03-14 23:24:18,854 - DEBUG - cannot commit - no transaction is active
2025-03-14 23:24:18,854 - INFO - \u2705 Vehicle maintenance table created successfully.
2025-03-14 23:24:18,904 - DEBUG - cannot commit - no transaction is active
2025-03-15 00:12:59,530 - DEBUG - Calling on_part_begin with no data
2025-03-15 00:12:59,533 - DEBUG - Calling on_header_field with data[42:61]
2025-03-15 00:12:59,535 - DEBUG - Calling on_header_value with data[63:90]
2025-03-15 00:12:59,535 - DEBUG - Calling on_header_end with no data
2025-03-15 00:12:59,535 - DEBUG - Calling on_headers_finished with no data
2025-03-15 00:12:59,535 - DEBUG - Calling on_part_data with data[94:95]
2025-03-15 00:12:59,535 - DEBUG - Calling on_part_end with no data
2025-03-15 00:12:59,536 - DEBUG - Calling on_part_begin with no data
2025-03-15 00:12:59,536 - DEBUG - Calling on_header_field with data[139:158]
2025-03-15 00:12:59,536 - DEBUG - Calling on_header_value with data[160:188]
2025-03-15 00:12:59,536 - DEBUG - Calling on_header_end with no data
2025-03-15 00:12:59,536 - DEBUG - Calling on_headers_finished with no data
2025-03-15 00:12:59,536 - DEBUG - Calling on_part_data with data[192:203]
2025-03-15 00:12:59,536 - DEBUG - Calling on_part_end with no data
2025-03-15 00:12:59,536 - DEBUG - Calling on_part_begin with no data
2025-03-15 00:12:59,536 - DEBUG - Calling on_header_field with data[247:266]
2025-03-15 00:12:59,536 - DEBUG - Calling on_header_value with data[268:293]
2025-03-15 00:12:59,536 - DEBUG - Calling on_header_end with no data
2025-03-15 00:12:59,536 - DEBUG - Calling on_headers_finished with no data
2025-03-15 00:12:59,536 - DEBUG - Calling on_part_end with no data
2025-03-15 00:12:59,537 - DEBUG - Calling on_part_begin with no data
2025-03-15 00:12:59,537 - DEBUG - Calling on_header_field with data[341:360]
2025-03-15 00:12:59,537 - DEBUG - Calling on_header_value with data[362:384]
2025-03-15 00:12:59,537 - DEBUG - Calling on_header_end with no data
2025-03-15 00:12:59,537 - DEBUG - Calling on_headers_finished with no data
2025-03-15 00:12:59,537 - DEBUG - Calling on_part_end with no data
2025-03-15 00:12:59,537 - DEBUG - Calling on_part_begin with no data
2025-03-15 00:12:59,537 - DEBUG - Calling on_header_field with data[432:451]
2025-03-15 00:12:59,537 - DEBUG - Calling on_header_value with data[453:475]
2025-03-15 00:12:59,537 - DEBUG - Calling on_header_end with no data
2025-03-15 00:12:59,537 - DEBUG - Calling on_headers_finished with no data
2025-03-15 00:12:59,537 - DEBUG - Calling on_part_data with data[479:488]
2025-03-15 00:12:59,537 - DEBUG - Calling on_part_end with no data
2025-03-15 00:12:59,537 - DEBUG - Calling on_part_begin with no data
2025-03-15 00:12:59,537 - DEBUG - Calling on_header_field with data[532:551]
2025-03-15 00:12:59,537 - DEBUG - Calling on_header_value with data[553:576]
2025-03-15 00:12:59,538 - DEBUG - Calling on_header_end with no data
2025-03-15 00:12:59,538 - DEBUG - Calling on_headers_finished with no data
2025-03-15 00:12:59,538 - DEBUG - Calling on_part_data with data[580:584]
2025-03-15 00:12:59,538 - DEBUG - Calling on_part_end with no data
2025-03-15 00:12:59,538 - DEBUG - Calling on_end with no data
2025-03-15 00:16:17,856 - DEBUG - cannot commit - no transaction is active
2025-03-15 00:16:17,856 - INFO - \u2705 Vehicle maintenance table created successfully.
2025-03-15 00:16:17,905 - DEBUG - cannot commit - no transaction is active
2025-03-15 00:21:18,019 - DEBUG - cannot commit - no transaction is active
2025-03-15 00:21:18,020 - INFO - \u2705 Vehicle maintenance table created successfully.
2025-03-15 00:21:18,083 - DEBUG - cannot commit - no transaction is active
2025-03-15 00:26:18,392 - DEBUG - cannot commit - no transaction is active
2025-03-15 00:26:18,393 - INFO - \u2705 Vehicle maintenance table created successfully.
2025-03-15 00:26:18,437 - DEBUG - cannot commit - no transaction is active
2025-03-15 00:28:54,375 - DEBUG - cannot commit - no transaction is active
2025-03-15 00:28:54,375 - INFO - \u2705 Vehicle maintenance table created successfully.
2025-03-15 00:28:54,429 - DEBUG - cannot commit - no transaction is active
2025-03-15 01:35:33,698 - DEBUG - Calling on_part_begin with no data
2025-03-15 01:35:33,700 - DEBUG - Calling on_header_field with data[42:61]
2025-03-15 01:35:33,701 - DEBUG - Calling on_header_value with data[63:90]
2025-03-15 01:35:33,701 - DEBUG - Calling on_header_end with no data
2025-03-15 01:35:33,701 - DEBUG - Calling on_headers_finished with no data
2025-03-15 01:35:33,701 - DEBUG - Calling on_part_data with data[94:96]
2025-03-15 01:35:33,701 - DEBUG - Calling on_part_end with no data
2025-03-15 01:35:33,702 - DEBUG - Calling on_part_begin with no data
2025-03-15 01:35:33,702 - DEBUG - Calling on_header_field with data[140:159]
2025-03-15 01:35:33,702 - DEBUG - Calling on_header_value with data[161:189]
2025-03-15 01:35:33,702 - DEBUG - Calling on_header_end with no data
2025-03-15 01:35:33,702 - DEBUG - Calling on_headers_finished with no data
2025-03-15 01:35:33,702 - DEBUG - Calling on_part_data with data[193:204]
2025-03-15 01:35:33,702 - DEBUG - Calling on_part_end with no data
2025-03-15 01:35:33,702 - DEBUG - Calling on_part_begin with no data
2025-03-15 01:35:33,702 - DEBUG - Calling on_header_field with data[248:267]
2025-03-15 01:35:33,703 - DEBUG - Calling on_header_value with data[269:294]
2025-03-15 01:35:33,703 - DEBUG - Calling on_header_end with no data
2025-03-15 01:35:33,703 - DEBUG - Calling on_headers_finished with no data
2025-03-15 01:35:33,703 - DEBUG - Calling on_part_data with data[298:333]
2025-03-15 01:35:33,703 - DEBUG - Calling on_part_end with no data
2025-03-15 01:35:33,703 - DEBUG - Calling on_part_begin with no data
2025-03-15 01:35:33,703 - DEBUG - Calling on_header_field with data[377:396]
2025-03-15 01:35:33,703 - DEBUG - Calling on_header_value with data[398:420]
2025-03-15 01:35:33,703 - DEBUG - Calling on_header_end with no data
2025-03-15 01:35:33,703 - DEBUG - Calling on_headers_finished with no data
2025-03-15 01:35:33,703 - DEBUG - Calling on_part_data with data[424:428]
2025-03-15 01:35:33,703 - DEBUG - Calling on_part_end with no data
2025-03-15 01:35:33,704 - DEBUG - Calling on_part_begin with no data
2025-03-15 01:35:33,704 - DEBUG - Calling on_header_field with data[472:491]
2025-03-15 01:35:33,704 - DEBUG - Calling on_header_value with data[493:515]
2025-03-15 01:35:33,704 - DEBUG - Calling on_header_end with no data
2025-03-15 01:35:33,704 - DEBUG - Calling on_headers_finished with no data
2025-03-15 01:35:33,704 - DEBUG - Calling on_part_data with data[519:528]
2025-03-15 01:35:33,704 - DEBUG - Calling on_part_end with no data
2025-03-15 01:35:33,704 - DEBUG - Calling on_part_begin with no data
2025-03-15 01:35:33,704 - DEBUG - Calling on_header_field with data[572:591]
2025-03-15 01:35:33,704 - DEBUG - Calling on_header_value with data[593:616]
2025-03-15 01:35:33,704 - DEBUG - Calling on_header_end with no data
2025-03-15 01:35:33,705 - DEBUG - Calling on_headers_finished with no data
2025-03-15 01:35:33,705 - DEBUG - Calling on_part_data with data[620:624]
2025-03-15 01:35:33,705 - DEBUG - Calling on_part_end with no data
2025-03-15 01:35:33,705 - DEBUG - Calling on_end with no data
2025-03-15 01:38:48,380 - DEBUG - Calling on_part_begin with no data
2025-03-15 01:38:48,380 - DEBUG - Calling on_header_field with data[42:61]
2025-03-15 01:38:48,380 - DEBUG - Calling on_header_value with data[63:90]
2025-03-15 01:38:48,381 - DEBUG - Calling on_header_end with no data
2025-03-15 01:38:48,381 - DEBUG - Calling on_headers_finished with no data
2025-03-15 01:38:48,381 - DEBUG - Calling on_part_data with data[94:96]
2025-03-15 01:38:48,381 - DEBUG - Calling on_part_end with no data
2025-03-15 01:38:48,381 - DEBUG - Calling on_part_begin with no data
2025-03-15 01:38:48,381 - DEBUG - Calling on_header_field with data[140:159]
2025-03-15 01:38:48,381 - DEBUG - Calling on_header_value with data[161:189]
2025-03-15 01:38:48,381 - DEBUG - Calling on_header_end with no data
2025-03-15 01:38:48,381 - DEBUG - Calling on_headers_finished with no data
2025-03-15 01:38:48,381 - DEBUG - Calling on_part_data with data[193:204]
2025-03-15 01:38:48,381 - DEBUG - Calling on_part_end with no data
2025-03-15 01:38:48,381 - DEBUG - Calling on_part_begin with no data
2025-03-15 01:38:48,381 - DEBUG - Calling on_header_field with data[248:267]
2025-03-15 01:38:48,381 - DEBUG - Calling on_header_value with data[269:294]
2025-03-15 01:38:48,381 - DEBUG - Calling on_header_end with no data
2025-03-15 01:38:48,381 - DEBUG - Calling on_headers_finished with no data
2025-03-15 01:38:48,382 - DEBUG - Calling on_part_data with data[298:333]
2025-03-15 01:38:48,382 - DEBUG - Calling on_part_end with no data
2025-03-15 01:38:48,382 - DEBUG - Calling on_part_begin with no data
2025-03-15 01:38:48,382 - DEBUG - Calling on_header_field with data[377:396]
2025-03-15 01:38:48,382 - DEBUG - Calling on_header_value with data[398:420]
2025-03-15 01:38:48,382 - DEBUG - Calling on_header_end with no data
2025-03-15 01:38:48,382 - DEBUG - Calling on_headers_finished with no data
2025-03-15 01:38:48,382 - DEBUG - Calling on_part_data with data[424:428]
2025-03-15 01:38:48,382 - DEBUG - Calling on_part_end with no data
2025-03-15 01:38:48,382 - DEBUG - Calling on_part_begin with no data
2025-03-15 01:38:48,382 - DEBUG - Calling on_header_field with data[472:491]
2025-03-15 01:38:48,382 - DEBUG - Calling on_header_value with data[493:515]
2025-03-15 01:38:48,382 - DEBUG - Calling on_header_end with no data
2025-03-15 01:38:48,382 - DEBUG - Calling on_headers_finished with no data
2025-03-15 01:38:48,382 - DEBUG - Calling on_part_data with data[519:528]
2025-03-15 01:38:48,382 - DEBUG - Calling on_part_end with no data
2025-03-15 01:38:48,382 - DEBUG - Calling on_part_begin with no data
2025-03-15 01:38:48,382 - DEBUG - Calling on_header_field with data[572:591]
2025-03-15 01:38:48,382 - DEBUG - Calling on_header_value with data[593:616]
2025-03-15 01:38:48,382 - DEBUG - Calling on_header_end with no data
2025-03-15 01:38:48,383 - DEBUG - Calling on_headers_finished with no data
2025-03-15 01:38:48,383 - DEBUG - Calling on_part_data with data[620:624]
2025-03-15 01:38:48,383 - DEBUG - Calling on_part_end with no data
2025-03-15 01:38:48,383 - DEBUG - Calling on_end with no data
2025-03-15 01:39:09,843 - DEBUG - Calling on_part_begin with no data
2025-03-15 01:39:09,843 - DEBUG - Calling on_header_field with data[42:61]
2025-03-15 01:39:09,843 - DEBUG - Calling on_header_value with data[63:90]
2025-03-15 01:39:09,843 - DEBUG - Calling on_header_end with no data
2025-03-15 01:39:09,843 - DEBUG - Calling on_headers_finished with no data
2025-03-15 01:39:09,843 - DEBUG - Calling on_part_data with data[94:96]
2025-03-15 01:39:09,844 - DEBUG - Calling on_part_end with no data
2025-03-15 01:39:09,844 - DEBUG - Calling on_part_begin with no data
2025-03-15 01:39:09,844 - DEBUG - Calling on_header_field with data[140:159]
2025-03-15 01:39:09,844 - DEBUG - Calling on_header_value with data[161:189]
2025-03-15 01:39:09,844 - DEBUG - Calling on_header_end with no data
2025-03-15 01:39:09,844 - DEBUG - Calling on_headers_finished with no data
2025-03-15 01:39:09,844 - DEBUG - Calling on_part_data with data[193:204]
2025-03-15 01:39:09,844 - DEBUG - Calling on_part_end with no data
2025-03-15 01:39:09,844 - DEBUG - Calling on_part_begin with no data
2025-03-15 01:39:09,844 - DEBUG - Calling on_header_field with data[248:267]
2025-03-15 01:39:09,844 - DEBUG - Calling on_header_value with data[269:294]
2025-03-15 01:39:09,844 - DEBUG - Calling on_header_end with no data
2025-03-15 01:39:09,844 - DEBUG - Calling on_headers_finished with no data
2025-03-15 01:39:09,844 - DEBUG - Calling on_part_data with data[298:333]
2025-03-15 01:39:09,844 - DEBUG - Calling on_part_end with no data
2025-03-15 01:39:09,844 - DEBUG - Calling on_part_begin with no data
2025-03-15 01:39:09,845 - DEBUG - Calling on_header_field with data[377:396]
2025-03-15 01:39:09,845 - DEBUG - Calling on_header_value with data[398:420]
2025-03-15 01:39:09,845 - DEBUG - Calling on_header_end with no data
2025-03-15 01:39:09,845 - DEBUG - Calling on_headers_finished with no data
2025-03-15 01:39:09,845 - DEBUG - Calling on_part_data with data[424:428]
2025-03-15 01:39:09,845 - DEBUG - Calling on_part_end with no data
2025-03-15 01:39:09,845 - DEBUG - Calling on_part_begin with no data
2025-03-15 01:39:09,845 - DEBUG - Calling on_header_field with data[472:491]
2025-03-15 01:39:09,845 - DEBUG - Calling on_header_value with data[493:515]
2025-03-15 01:39:09,845 - DEBUG - Calling on_header_end with no data
2025-03-15 01:39:09,845 - DEBUG - Calling on_headers_finished with no data
2025-03-15 01:39:09,845 - DEBUG - Calling on_part_data with data[519:528]
2025-03-15 01:39:09,845 - DEBUG - Calling on_part_end with no data
2025-03-15 01:39:09,845 - DEBUG - Calling on_part_begin with no data
2025-03-15 01:39:09,846 - DEBUG - Calling on_header_field with data[572:591]
2025-03-15 01:39:09,846 - DEBUG - Calling on_header_value with data[593:616]
2025-03-15 01:39:09,846 - DEBUG - Calling on_header_end with no data
2025-03-15 01:39:09,846 - DEBUG - Calling on_headers_finished with no data
2025-03-15 01:39:09,846 - DEBUG - Calling on_part_data with data[620:624]
2025-03-15 01:39:09,846 - DEBUG - Calling on_part_end with no data
2025-03-15 01:39:09,846 - DEBUG - Calling on_end with no data
2025-03-15 01:44:20,041 - DEBUG - Calling on_part_begin with no data
2025-03-15 01:44:20,041 - DEBUG - Calling on_header_field with data[42:61]
2025-03-15 01:44:20,041 - DEBUG - Calling on_header_value with data[63:90]
2025-03-15 01:44:20,042 - DEBUG - Calling on_header_end with no data
2025-03-15 01:44:20,042 - DEBUG - Calling on_headers_finished with no data
2025-03-15 01:44:20,042 - DEBUG - Calling on_part_data with data[94:96]
2025-03-15 01:44:20,042 - DEBUG - Calling on_part_end with no data
2025-03-15 01:44:20,042 - DEBUG - Calling on_part_begin with no data
2025-03-15 01:44:20,042 - DEBUG - Calling on_header_field with data[140:159]
2025-03-15 01:44:20,042 - DEBUG - Calling on_header_value with data[161:189]
2025-03-15 01:44:20,042 - DEBUG - Calling on_header_end with no data
2025-03-15 01:44:20,042 - DEBUG - Calling on_headers_finished with no data
2025-03-15 01:44:20,043 - DEBUG - Calling on_part_data with data[193:204]
2025-03-15 01:44:20,043 - DEBUG - Calling on_part_end with no data
2025-03-15 01:44:20,043 - DEBUG - Calling on_part_begin with no data
2025-03-15 01:44:20,043 - DEBUG - Calling on_header_field with data[248:267]
2025-03-15 01:44:20,043 - DEBUG - Calling on_header_value with data[269:294]
2025-03-15 01:44:20,043 - DEBUG - Calling on_header_end with no data
2025-03-15 01:44:20,043 - DEBUG - Calling on_headers_finished with no data
2025-03-15 01:44:20,043 - DEBUG - Calling on_part_data with data[298:331]
2025-03-15 01:44:20,043 - DEBUG - Calling on_part_end with no data
2025-03-15 01:44:20,043 - DEBUG - Calling on_part_begin with no data
2025-03-15 01:44:20,043 - DEBUG - Calling on_header_field with data[375:394]
2025-03-15 01:44:20,044 - DEBUG - Calling on_header_value with data[396:418]
2025-03-15 01:44:20,044 - DEBUG - Calling on_header_end with no data
2025-03-15 01:44:20,044 - DEBUG - Calling on_headers_finished with no data
2025-03-15 01:44:20,044 - DEBUG - Calling on_part_data with data[422:426]
2025-03-15 01:44:20,044 - DEBUG - Calling on_part_end with no data
2025-03-15 01:44:20,044 - DEBUG - Calling on_part_begin with no data
2025-03-15 01:44:20,044 - DEBUG - Calling on_header_field with data[470:489]
2025-03-15 01:44:20,044 - DEBUG - Calling on_header_value with data[491:513]
2025-03-15 01:44:20,044 - DEBUG - Calling on_header_end with no data
2025-03-15 01:44:20,044 - DEBUG - Calling on_headers_finished with no data
2025-03-15 01:44:20,044 - DEBUG - Calling on_part_data with data[517:526]
2025-03-15 01:44:20,044 - DEBUG - Calling on_part_end with no data
2025-03-15 01:44:20,044 - DEBUG - Calling on_end with no data
2025-03-15 01:44:20,428 - DEBUG - cannot commit - no transaction is active
2025-03-15 01:44:20,779 - DEBUG - cannot commit - no transaction is active
2025-03-15 01:44:20,832 - DEBUG - cannot commit - no transaction is active
2025-03-15 02:04:05,552 - DEBUG - cannot commit - no transaction is active
2025-03-15 02:04:05,552 - INFO - \u2705 Vehicle maintenance table created successfully.
2025-03-15 02:04:05,603 - DEBUG - cannot commit - no transaction is active
2025-03-15 02:10:25,023 - DEBUG - cannot commit - no transaction is active
2025-03-15 02:10:25,024 - INFO - \u2705 Vehicle maintenance table created successfully.
2025-03-15 02:10:25,081 - DEBUG - cannot commit - no transaction is active
2025-03-15 02:10:41,910 - DEBUG - cannot commit - no transaction is active
2025-03-15 02:10:41,910 - INFO - \u2705 Vehicle maintenance table created successfully.
2025-03-15 02:10:41,959 - DEBUG - cannot commit - no transaction is active
